[INFO] Scanning for projects...
[INFO] 
[INFO] ------------------------< com.roomify:roomify >-------------------------
[INFO] Building roomify 0.0.1-SNAPSHOT
[INFO]   from pom.xml
[INFO] --------------------------------[ jar ]---------------------------------
[INFO] 
[INFO] >>> spring-boot:4.0.0:run (default-cli) > test-compile @ roomify >>>
[INFO] 
[INFO] --- resources:3.3.1:resources (default-resources) @ roomify ---
[INFO] Copying 1 resource from src/main/resources to target/classes
[INFO] Copying 0 resource from src/main/resources to target/classes
[INFO] 
[INFO] --- compiler:3.14.1:compile (default-compile) @ roomify ---
[INFO] Nothing to compile - all classes are up to date.
[INFO] 
[INFO] --- resources:3.3.1:testResources (default-testResources) @ roomify ---
[INFO] skip non existing resourceDirectory /Users/miticadenis/Desktop/ROOMIFY/Roomify/src/test/resources
[INFO] 
[INFO] --- compiler:3.14.1:testCompile (default-testCompile) @ roomify ---
[INFO] Nothing to compile - all classes are up to date.
[INFO] 
[INFO] <<< spring-boot:4.0.0:run (default-cli) < test-compile @ roomify <<<
[INFO] 
[INFO] 
[INFO] --- spring-boot:4.0.0:run (default-cli) @ roomify ---
[INFO] Attaching agents: []

  .   ____          _            __ _ _
 /\\ / ___'_ __ _ _(_)_ __  __ _ \ \ \ \
( ( )\___ | '_ | '_| | '_ \/ _` | \ \ \ \
 \\/  ___)| |_)| | | | | || (_| |  ) ) ) )
  '  |____| .__|_| |_|_| |_\__, | / / / /
 =========|_|==============|___/=/_/_/_/

 :: Spring Boot ::                (v4.0.0)

2026-01-02T04:48:56.808+02:00  INFO 14805 --- [           main] com.roomify.RoomifyApplication           : Starting RoomifyApplication using Java 17.0.13 with PID 14805 (/Users/miticadenis/Desktop/ROOMIFY/Roomify/target/classes started by miticadenis in /Users/miticadenis/Desktop/ROOMIFY/Roomify)
2026-01-02T04:48:56.810+02:00 DEBUG 14805 --- [           main] com.roomify.RoomifyApplication           : Running with Spring Boot v4.0.0, Spring v7.0.1
2026-01-02T04:48:56.811+02:00  INFO 14805 --- [           main] com.roomify.RoomifyApplication           : No active profile set, falling back to 1 default profile: "default"
2026-01-02T04:48:57.609+02:00  INFO 14805 --- [           main] .s.d.r.c.RepositoryConfigurationDelegate : Bootstrapping Spring Data JPA repositories in DEFAULT mode.
2026-01-02T04:48:57.661+02:00  INFO 14805 --- [           main] .s.d.r.c.RepositoryConfigurationDelegate : Finished Spring Data repository scanning in 46 ms. Found 5 JPA repository interfaces.
2026-01-02T04:48:58.176+02:00  INFO 14805 --- [           main] o.s.boot.tomcat.TomcatWebServer          : Tomcat initialized with port 8080 (http)
2026-01-02T04:48:58.183+02:00  INFO 14805 --- [           main] o.apache.catalina.core.StandardService   : Starting service [Tomcat]
2026-01-02T04:48:58.183+02:00  INFO 14805 --- [           main] o.apache.catalina.core.StandardEngine    : Starting Servlet engine: [Apache Tomcat/11.0.14]
2026-01-02T04:48:58.227+02:00  INFO 14805 --- [           main] b.w.c.s.WebApplicationContextInitializer : Root WebApplicationContext: initialization completed in 1314 ms
2026-01-02T04:48:58.337+02:00  INFO 14805 --- [           main] o.hibernate.jpa.internal.util.LogHelper  : HHH000204: Processing PersistenceUnitInfo [name: default]
2026-01-02T04:48:58.359+02:00  INFO 14805 --- [           main] org.hibernate.Version                    : HHH000412: Hibernate ORM core version 7.1.8.Final
2026-01-02T04:48:58.573+02:00  INFO 14805 --- [           main] o.s.o.j.p.SpringPersistenceUnitInfo      : No LoadTimeWeaver setup: ignoring JPA class transformer
2026-01-02T04:48:58.589+02:00  INFO 14805 --- [           main] com.zaxxer.hikari.HikariDataSource       : HikariPool-1 - Starting...
2026-01-02T04:48:58.646+02:00  INFO 14805 --- [           main] com.zaxxer.hikari.pool.HikariPool        : HikariPool-1 - Added connection org.postgresql.jdbc.PgConnection@3dfc59c5
2026-01-02T04:48:58.646+02:00  INFO 14805 --- [           main] com.zaxxer.hikari.HikariDataSource       : HikariPool-1 - Start completed.
2026-01-02T04:48:58.669+02:00  WARN 14805 --- [           main] org.hibernate.orm.deprecation            : HHH90000025: PostgreSQLDialect does not need to be specified explicitly using 'hibernate.dialect' (remove the property setting and it will be selected by default)
2026-01-02T04:48:58.681+02:00  INFO 14805 --- [           main] org.hibernate.orm.connections.pooling    : HHH10001005: Database info:
	Database JDBC URL [jdbc:postgresql://localhost:5432/roomify]
	Database driver: PostgreSQL JDBC Driver
	Database dialect: PostgreSQLDialect
	Database version: 14.20
	Default catalog/schema: roomify/public
	Autocommit mode: undefined/unknown
	Isolation level: READ_COMMITTED [default READ_COMMITTED]
	JDBC fetch size: none
	Pool: DatasourceConnectionProviderImpl
	Minimum pool size: undefined/unknown
	Maximum pool size: undefined/unknown
2026-01-02T04:48:59.526+02:00  INFO 14805 --- [           main] o.h.e.t.j.p.i.JtaPlatformInitiator       : HHH000489: No JTA platform available (set 'hibernate.transaction.jta.platform' to enable JTA platform integration)
2026-01-02T04:48:59.667+02:00  INFO 14805 --- [           main] j.LocalContainerEntityManagerFactoryBean : Initialized JPA EntityManagerFactory for persistence unit 'default'
2026-01-02T04:49:00.302+02:00 DEBUG 14805 --- [           main] er$RestTemplateWithNimbusDefaultTimeouts : HTTP GET https://dev-vje7ys1p3yin1euy.eu.auth0.com/.well-known/jwks.json
2026-01-02T04:49:00.303+02:00 DEBUG 14805 --- [           main] er$RestTemplateWithNimbusDefaultTimeouts : Accept=[text/plain, application/json, application/*+json, */*]
2026-01-02T04:49:00.406+02:00 DEBUG 14805 --- [           main] er$RestTemplateWithNimbusDefaultTimeouts : Response 200 OK
2026-01-02T04:49:00.407+02:00 DEBUG 14805 --- [           main] er$RestTemplateWithNimbusDefaultTimeouts : Reading to [java.lang.String] as "application/json;charset=utf-8"
2026-01-02T04:49:00.506+02:00  INFO 14805 --- [           main] o.s.d.j.r.query.QueryEnhancerFactories   : Hibernate is in classpath; If applicable, HQL parser will be used.
2026-01-02T04:49:02.048+02:00  WARN 14805 --- [           main] JpaBaseConfiguration$JpaWebConfiguration : spring.jpa.open-in-view is enabled by default. Therefore, database queries may be performed during view rendering. Explicitly configure spring.jpa.open-in-view to disable this warning
2026-01-02T04:49:02.073+02:00 DEBUG 14805 --- [           main] swordEncoderAuthenticationManagerBuilder : No authenticationProviders and no parentAuthenticationManager defined. Returning null.
2026-01-02T04:49:02.163+02:00 DEBUG 14805 --- [           main] o.s.s.web.DefaultSecurityFilterChain     : Will secure any request with filters: DisableEncodeUrlFilter, WebAsyncManagerIntegrationFilter, SecurityContextHolderFilter, HeaderWriterFilter, CorsFilter, LogoutFilter, OAuth2ProtectedResourceMetadataFilter, BearerTokenAuthenticationFilter, AuthenticationFilter, RequestCacheAwareFilter, SecurityContextHolderAwareRequestFilter, AnonymousAuthenticationFilter, ExceptionTranslationFilter, AuthorizationFilter
2026-01-02T04:49:02.464+02:00  INFO 14805 --- [           main] o.s.m.s.b.SimpleBrokerMessageHandler     : Starting...
2026-01-02T04:49:02.465+02:00  INFO 14805 --- [           main] o.s.m.s.b.SimpleBrokerMessageHandler     : BrokerAvailabilityEvent[available=true, SimpleBrokerMessageHandler [org.springframework.messaging.simp.broker.DefaultSubscriptionRegistry@3a6894ac]]
2026-01-02T04:49:02.465+02:00  INFO 14805 --- [           main] o.s.m.s.b.SimpleBrokerMessageHandler     : Started.
2026-01-02T04:49:02.473+02:00  INFO 14805 --- [           main] o.s.boot.tomcat.TomcatWebServer          : Tomcat started on port 8080 (http) with context path '/'
2026-01-02T04:49:02.481+02:00  INFO 14805 --- [           main] com.roomify.RoomifyApplication           : Started RoomifyApplication in 6.128 seconds (process running for 6.547)
Hibernate: 
    select
        r1_0.id 
    from
        role r1_0 
    where
        r1_0.name=? 
    fetch
        first ? rows only
Hibernate: 
    select
        r1_0.id 
    from
        role r1_0 
    where
        r1_0.name=? 
    fetch
        first ? rows only
Hibernate: 
    select
        r1_0.id 
    from
        role r1_0 
    where
        r1_0.name=? 
    fetch
        first ? rows only
Database populated with default roles.
2026-01-02T04:49:05.851+02:00  INFO 14805 --- [nio-8080-exec-1] o.a.c.c.C.[Tomcat].[localhost].[/]       : Initializing Spring DispatcherServlet 'dispatcherServlet'
2026-01-02T04:49:05.853+02:00  INFO 14805 --- [nio-8080-exec-1] o.s.web.servlet.DispatcherServlet        : Initializing Servlet 'dispatcherServlet'
2026-01-02T04:49:05.855+02:00  INFO 14805 --- [nio-8080-exec-1] o.s.web.servlet.DispatcherServlet        : Completed initialization in 2 ms
2026-01-02T04:49:05.863+02:00 DEBUG 14805 --- [nio-8080-exec-1] o.s.security.web.FilterChainProxy        : Securing GET /ws/info?t=1767322145791
2026-01-02T04:49:05.872+02:00 DEBUG 14805 --- [nio-8080-exec-1] o.s.security.web.FilterChainProxy        : Secured GET /ws/info?t=1767322145791
2026-01-02T04:49:05.880+02:00 DEBUG 14805 --- [nio-8080-exec-1] o.s.s.w.a.AnonymousAuthenticationFilter  : Set SecurityContextHolder to anonymous SecurityContext
2026-01-02T04:49:05.887+02:00 DEBUG 14805 --- [nio-8080-exec-2] o.s.security.web.FilterChainProxy        : Securing GET /ws/886/ig0nu5vx/websocket
2026-01-02T04:49:05.888+02:00 DEBUG 14805 --- [nio-8080-exec-2] o.s.security.web.FilterChainProxy        : Secured GET /ws/886/ig0nu5vx/websocket
2026-01-02T04:49:05.893+02:00 DEBUG 14805 --- [nio-8080-exec-2] o.s.s.w.a.AnonymousAuthenticationFilter  : Set SecurityContextHolder to anonymous SecurityContext
2026-01-02T04:49:05.930+02:00 DEBUG 14805 --- [nio-8080-exec-2] c.r.c.w.WebSocketAuthInterceptor         : WebSocket CONNECT authenticated for user: google-oauth2|102965686056629972184
2026-01-02T04:49:07.923+02:00 DEBUG 14805 --- [nio-8080-exec-4] o.s.security.web.FilterChainProxy        : Securing GET /ws/info?t=1767322147913
2026-01-02T04:49:07.928+02:00 DEBUG 14805 --- [nio-8080-exec-4] o.s.security.web.FilterChainProxy        : Secured GET /ws/info?t=1767322147913
2026-01-02T04:49:07.943+02:00 DEBUG 14805 --- [nio-8080-exec-4] o.s.s.w.a.AnonymousAuthenticationFilter  : Set SecurityContextHolder to anonymous SecurityContext
2026-01-02T04:49:07.949+02:00 DEBUG 14805 --- [nio-8080-exec-5] o.s.security.web.FilterChainProxy        : Securing GET /ws/info?t=1767322147913
2026-01-02T04:49:07.953+02:00 DEBUG 14805 --- [nio-8080-exec-5] o.s.security.web.FilterChainProxy        : Secured GET /ws/info?t=1767322147913
2026-01-02T04:49:07.951+02:00 DEBUG 14805 --- [nio-8080-exec-6] o.s.security.web.FilterChainProxy        : Securing GET /ws/787/nol0kdc1/websocket
2026-01-02T04:49:07.957+02:00 DEBUG 14805 --- [nio-8080-exec-5] o.s.s.w.a.AnonymousAuthenticationFilter  : Set SecurityContextHolder to anonymous SecurityContext
2026-01-02T04:49:07.957+02:00 DEBUG 14805 --- [nio-8080-exec-6] o.s.security.web.FilterChainProxy        : Secured GET /ws/787/nol0kdc1/websocket
2026-01-02T04:49:07.960+02:00 DEBUG 14805 --- [nio-8080-exec-6] o.s.s.w.a.AnonymousAuthenticationFilter  : Set SecurityContextHolder to anonymous SecurityContext
2026-01-02T04:49:07.966+02:00 DEBUG 14805 --- [nio-8080-exec-6] c.r.c.w.WebSocketAuthInterceptor         : WebSocket CONNECT authenticated for user: google-oauth2|102965686056629972184
2026-01-02T04:49:07.975+02:00 DEBUG 14805 --- [nio-8080-exec-8] o.s.security.web.FilterChainProxy        : Securing GET /ws/428/yrbd4vr1/websocket
2026-01-02T04:49:07.977+02:00 DEBUG 14805 --- [nio-8080-exec-8] o.s.security.web.FilterChainProxy        : Secured GET /ws/428/yrbd4vr1/websocket
2026-01-02T04:49:07.979+02:00 DEBUG 14805 --- [nio-8080-exec-8] o.s.s.w.a.AnonymousAuthenticationFilter  : Set SecurityContextHolder to anonymous SecurityContext
2026-01-02T04:49:07.984+02:00 DEBUG 14805 --- [nio-8080-exec-9] c.r.c.w.WebSocketAuthInterceptor         : WebSocket CONNECT authenticated for user: google-oauth2|102965686056629972184
2026-01-02T04:49:11.238+02:00 DEBUG 14805 --- [nio-8080-exec-1] o.s.security.web.FilterChainProxy        : Securing OPTIONS /api/chats/2/read
2026-01-02T04:49:11.249+02:00 DEBUG 14805 --- [nio-8080-exec-2] o.s.security.web.FilterChainProxy        : Securing PUT /api/chats/2/read
2026-01-02T04:49:11.270+02:00 DEBUG 14805 --- [nio-8080-exec-2] o.s.s.o.s.r.a.JwtAuthenticationProvider  : Authenticated token
2026-01-02T04:49:11.272+02:00 DEBUG 14805 --- [nio-8080-exec-2] .s.r.w.a.BearerTokenAuthenticationFilter : Set SecurityContextHolder to JwtAuthenticationToken [Principal=org.springframework.security.oauth2.jwt.Jwt@f2065c62, Credentials=[PROTECTED], Authenticated=true, Details=WebAuthenticationDetails [RemoteIpAddress=0:0:0:0:0:0:0:1, SessionId=null], Granted Authorities=[SCOPE_openid, SCOPE_email, FactorGrantedAuthority [authority=FACTOR_BEARER, issuedAt=2026-01-02T02:49:11.269576Z], SCOPE_profile]]
2026-01-02T04:49:11.273+02:00 DEBUG 14805 --- [nio-8080-exec-2] o.s.security.web.FilterChainProxy        : Secured PUT /api/chats/2/read
Hibernate: 
    select
        cm1_0.id,
        cm1_0.content,
        cm1_0.created_at,
        cm1_0.is_read,
        cm1_0.match_id,
        cm1_0.sender_id 
    from
        chat_messages cm1_0 
    where
        cm1_0.match_id=? 
        and cm1_0.sender_id<>? 
        and cm1_0.is_read=false
